<?xml version="1.0" encoding="UTF-8"?>
<!-- Generated by org.testng.reporters.JUnitReportReporter -->
<testsuite hostname="DESKTOP-JAV0I43" failures="0" tests="2" name="Testing.T1" time="0.032" errors="0" timestamp="2021-03-09T16:42:13 CET" skipped="0">
  <testcase classname="Testing.T1" name="demo" time="0.003"/>
  <system-out/>
  <testcase classname="Testing.T1" name="SecondTest" time="0.029"/>
  <system-out/>
</testsuite> <!-- Testing.T1 -->
